<?xml version="1.0" encoding="utf-8"?><testsuites name="pytest tests"><testsuite name="pytest" errors="0" failures="0" skipped="0" tests="5" time="0.031" timestamp="2025-07-28T23:56:49.293867-03:00" hostname="Mac"><testcase classname="tests.test_bank.TestClass" name="test_then_age_receive_13_03_2000_he_must_22" time="0.001" /><testcase classname="tests.test_bank.TestClass" name="test_then_surname_receive_leonardo_jose_da_silva_he_must_jose_da_silva" time="0.000" /><testcase classname="tests.test_bank.TestClass" name="test_then_decrease_salary_receive_100000_he_must_90000" time="0.000" /><testcase classname="tests.test_bank.TestClass" name="test_then_calculate_bonus_receive_1000_he_must_100" time="0.000" /><testcase classname="tests.test_bank.TestClass" name="test_then_calculate_bonus_receive_100000_he_must_raise_exception" time="0.000" /></testsuite></testsuites>